2022-07-04 10:29:35 ERROR GlobalExceptionHandler:18 - JSON parse error: Cannot deserialize value of type `java.time.LocalDate` from String "2022-06-25T": Failed to deserialize java.time.LocalDate: (java.time.format.DateTimeParseException) Text '2022-06-25T' could not be parsed at index 11; nested exception is com.fasterxml.jackson.databind.exc.InvalidFormatException: Cannot deserialize value of type `java.time.LocalDate` from String "2022-06-25T": Failed to deserialize java.time.LocalDate: (java.time.format.DateTimeParseException) Text '2022-06-25T' could not be parsed at index 11
 at [Source: (org.springframework.util.StreamUtils$NonClosingInputStream); line: 2, column: 13] (through reference chain: com.dh.clinica.clinicaSpringApi.DTO.AppointmentDTO["date"])
2022-07-04 10:32:09 ERROR GlobalExceptionHandler:18 - JSON parse error: Cannot deserialize value of type `java.time.LocalDate` from String "2022-06-25T": Failed to deserialize java.time.LocalDate: (java.time.format.DateTimeParseException) Text '2022-06-25T' could not be parsed at index 11; nested exception is com.fasterxml.jackson.databind.exc.InvalidFormatException: Cannot deserialize value of type `java.time.LocalDate` from String "2022-06-25T": Failed to deserialize java.time.LocalDate: (java.time.format.DateTimeParseException) Text '2022-06-25T' could not be parsed at index 11
 at [Source: (org.springframework.util.StreamUtils$NonClosingInputStream); line: 2, column: 13] (through reference chain: com.dh.clinica.clinicaSpringApi.DTO.AppointmentDTO["date"])
2022-07-04 23:39:30 ERROR GlobalExceptionHandler:16 - Failed to convert value of type 'java.lang.String' to required type 'java.lang.Integer'; nested exception is java.lang.NumberFormatException: For input string: "register"
2022-07-04 23:39:40 ERROR GlobalExceptionHandler:16 - Failed to convert value of type 'java.lang.String' to required type 'java.lang.Integer'; nested exception is java.lang.NumberFormatException: For input string: "update"
2022-07-04 23:44:16 ERROR GlobalExceptionHandler:16 - Failed to convert value of type 'java.lang.String' to required type 'java.lang.Integer'; nested exception is java.lang.NumberFormatException: For input string: "register"
2022-07-04 23:57:11 ERROR GlobalExceptionHandler:16 - Failed to convert value of type 'java.lang.String' to required type 'java.lang.Integer'; nested exception is java.lang.NumberFormatException: For input string: "register"
2022-07-04 23:57:38 ERROR GlobalExceptionHandler:16 - Failed to convert value of type 'java.lang.String' to required type 'java.lang.Integer'; nested exception is java.lang.NumberFormatException: For input string: "register"
2022-07-04 23:57:42 ERROR GlobalExceptionHandler:16 - Failed to convert value of type 'java.lang.String' to required type 'java.lang.Integer'; nested exception is java.lang.NumberFormatException: For input string: "register"
2022-07-05 18:35:28 ERROR GlobalExceptionHandler:16 - Failed to convert value of type 'java.lang.String' to required type 'java.lang.Integer'; nested exception is java.lang.NumberFormatException: For input string: "lists"
2022-07-05 18:35:47 ERROR GlobalExceptionHandler:16 - Failed to convert value of type 'java.lang.String' to required type 'java.lang.Integer'; nested exception is java.lang.NumberFormatException: For input string: "lists"
2022-07-05 18:36:18 ERROR GlobalExceptionHandler:16 - JSON parse error: Cannot deserialize value of type `java.lang.Integer` from String "4587}": not a valid `java.lang.Integer` value; nested exception is com.fasterxml.jackson.databind.exc.InvalidFormatException: Cannot deserialize value of type `java.lang.Integer` from String "4587}": not a valid `java.lang.Integer` value
 at [Source: (org.springframework.util.StreamUtils$NonClosingInputStream); line: 1, column: 114] (through reference chain: com.dh.clinica.clinicaSpringApi.DTO.PatientDTO["address"]->com.dh.clinica.clinicaSpringApi.DTO.AddressDTO["number"])
2022-07-05 18:38:59 ERROR GlobalExceptionHandler:16 - Failed to convert value of type 'java.lang.String' to required type 'java.lang.Integer'; nested exception is java.lang.NumberFormatException: For input string: "lists"
2022-07-05 18:41:40 ERROR GlobalExceptionHandler:16 - Failed to convert value of type 'java.lang.String' to required type 'java.lang.Integer'; nested exception is java.lang.NumberFormatException: For input string: "lists"
2022-07-05 18:47:25 ERROR GlobalExceptionHandler:16 - Failed to convert value of type 'java.lang.String' to required type 'java.lang.Integer'; nested exception is java.lang.NumberFormatException: For input string: "lists"
2022-07-05 18:47:57 ERROR GlobalExceptionHandler:16 - Failed to convert value of type 'java.lang.String' to required type 'java.lang.Integer'; nested exception is java.lang.NumberFormatException: For input string: "lists"
2022-07-05 18:48:44 ERROR GlobalExceptionHandler:16 - Failed to convert value of type 'java.lang.String' to required type 'java.lang.Integer'; nested exception is java.lang.NumberFormatException: For input string: "lists"
2022-07-05 18:52:21 ERROR GlobalExceptionHandler:16 - JSON parse error: Cannot deserialize value of type `java.lang.Integer` from String "4555dsa": not a valid `java.lang.Integer` value; nested exception is com.fasterxml.jackson.databind.exc.InvalidFormatException: Cannot deserialize value of type `java.lang.Integer` from String "4555dsa": not a valid `java.lang.Integer` value
 at [Source: (org.springframework.util.StreamUtils$NonClosingInputStream); line: 1, column: 45] (through reference chain: com.dh.clinica.clinicaSpringApi.DTO.DentistDTO["register"])
2022-07-05 18:55:12 ERROR GlobalExceptionHandler:16 - Failed to convert value of type 'java.lang.String' to required type 'java.lang.Integer'; nested exception is java.lang.NumberFormatException: For input string: "lists"
2022-07-05 18:55:20 ERROR GlobalExceptionHandler:16 - Failed to convert value of type 'java.lang.String' to required type 'java.lang.Integer'; nested exception is java.lang.NumberFormatException: For input string: "lists"
2022-07-05 18:55:22 ERROR GlobalExceptionHandler:16 - Failed to convert value of type 'java.lang.String' to required type 'java.lang.Integer'; nested exception is java.lang.NumberFormatException: For input string: "lists"
2022-07-05 18:55:40 ERROR GlobalExceptionHandler:16 - Failed to convert value of type 'java.lang.String' to required type 'java.lang.Integer'; nested exception is java.lang.NumberFormatException: For input string: "lists"
2022-07-05 20:59:29 ERROR GlobalExceptionHandler:16 - Failed to convert value of type 'java.lang.String' to required type 'java.lang.Integer'; nested exception is java.lang.NumberFormatException: For input string: "lists"
2022-07-05 21:00:04 ERROR GlobalExceptionHandler:16 - Failed to convert value of type 'java.lang.String' to required type 'java.lang.Integer'; nested exception is java.lang.NumberFormatException: For input string: "lists"
2022-07-05 21:00:11 ERROR GlobalExceptionHandler:16 - Failed to convert value of type 'java.lang.String' to required type 'java.lang.Integer'; nested exception is java.lang.NumberFormatException: For input string: "lists"
2022-07-05 21:04:34 ERROR GlobalExceptionHandler:16 - Failed to convert value of type 'java.lang.String' to required type 'java.lang.Integer'; nested exception is java.lang.NumberFormatException: For input string: "lists"
2022-07-05 21:05:23 ERROR GlobalExceptionHandler:16 - Failed to convert value of type 'java.lang.String' to required type 'java.lang.Integer'; nested exception is java.lang.NumberFormatException: For input string: "lists"
2022-07-05 21:16:09 ERROR GlobalExceptionHandler:16 - Failed to convert value of type 'java.lang.String' to required type 'java.lang.Integer'; nested exception is java.lang.NumberFormatException: For input string: "lists"
2022-07-06 13:26:08 ERROR GlobalExceptionHandler:16 - Failed to convert value of type 'java.lang.String' to required type 'java.lang.Integer'; nested exception is java.lang.NumberFormatException: For input string: "lists"
2022-07-07 15:07:04 ERROR GlobalExceptionHandler:16 - Failed to convert value of type 'java.lang.String' to required type 'java.lang.Integer'; nested exception is java.lang.NumberFormatException: For input string: "lists"
2022-07-07 15:32:03 ERROR GlobalExceptionHandler:16 - Failed to convert value of type 'java.lang.String' to required type 'java.lang.Integer'; nested exception is java.lang.NumberFormatException: For input string: "lists"
2022-07-07 15:33:57 ERROR GlobalExceptionHandler:16 - Failed to convert value of type 'java.lang.String' to required type 'java.lang.Integer'; nested exception is java.lang.NumberFormatException: For input string: "lists"
2022-07-07 15:39:26 ERROR GlobalExceptionHandler:16 - Failed to convert value of type 'java.lang.String' to required type 'java.lang.Integer'; nested exception is java.lang.NumberFormatException: For input string: "lists"
2022-07-10 13:54:19 ERROR GlobalExceptionHandler:22 - Required URI template variable 'id' for method parameter type Integer is not present
2022-07-10 13:55:19 ERROR GlobalExceptionHandler:22 - Required URI template variable 'id' for method parameter type Integer is not present
2022-07-10 13:55:29 ERROR GlobalExceptionHandler:22 - Required URI template variable 'id' for method parameter type Integer is not present
2022-07-10 13:55:38 ERROR GlobalExceptionHandler:22 - Required URI template variable 'id' for method parameter type Integer is not present
2022-07-10 13:55:51 ERROR GlobalExceptionHandler:22 - Required URI template variable 'id' for method parameter type Integer is not present
2022-07-10 13:56:44 ERROR GlobalExceptionHandler:22 - Required URI template variable 'id' for method parameter type Integer is not present
